<?xml version="1.0" encoding="UTF-8"?>
<testsuite xmlns:xsi="http://www.w3.org/2001/XMLSchema-instance" xsi:noNamespaceSchemaLocation="https://maven.apache.org/surefire/maven-surefire-plugin/xsd/surefire-test-report.xsd" name="com.revature.tests.FriendServiceTests" time="0.045" tests="6" errors="0" skipped="0" failures="0">
  <properties>
[...]
</properties>
  <testcase name="getFriendTest" classname="com.revature.tests.FriendServiceTests" time="0"/>
  <testcase name="userCanAddFriend" classname="com.revature.tests.FriendServiceTests" time="0"/>
  <testcase name="userAddingFriendWithIllegalIdReturnsZero" classname="com.revature.tests.FriendServiceTests" time="0"/>
  <testcase name="userExistsByFirstUserAndSecondUser" classname="com.revature.tests.FriendServiceTests" time="0"/>
  <testcase name="userWithNegativeIdReturnsZero" classname="com.revature.tests.FriendServiceTests" time="0"/>
  <testcase name="userCanAddFriendWithLesserId" classname="com.revature.tests.FriendServiceTests" time="0.001"/>
</testsuite>