<?xml version="1.0" encoding="UTF-8"?>
<testsuite xmlns:xsi="http://www.w3.org/2001/XMLSchema-instance" xsi:noNamespaceSchemaLocation="https://maven.apache.org/surefire/maven-surefire-plugin/xsd/surefire-test-report.xsd" name="com.revature.models.UserModelTests" time="0.238" tests="13" errors="0" skipped="0" failures="0">
  <properties>
[...]
</properties>
  <testcase name="testSetPassword" classname="com.revature.models.UserModelTests" time="0.066"/>
  <testcase name="testGetPassword" classname="com.revature.models.UserModelTests" time="0.012"/>
  <testcase name="testGetEmail" classname="com.revature.models.UserModelTests" time="0.013"/>
  <testcase name="testGetId" classname="com.revature.models.UserModelTests" time="0.008"/>
  <testcase name="testSetId" classname="com.revature.models.UserModelTests" time="0.01"/>
  <testcase name="testSetCountry" classname="com.revature.models.UserModelTests" time="0.008"/>
  <testcase name="testToString" classname="com.revature.models.UserModelTests" time="0.008"/>
  <testcase name="testSetUsername" classname="com.revature.models.UserModelTests" time="0.005"/>
  <testcase name="testGetUsername" classname="com.revature.models.UserModelTests" time="0.005"/>
  <testcase name="testSetPoints" classname="com.revature.models.UserModelTests" time="0.015"/>
  <testcase name="testGetCountry" classname="com.revature.models.UserModelTests" time="0.015"/>
  <testcase name="testGetPoints" classname="com.revature.models.UserModelTests" time="0.015"/>
  <testcase name="testSetEmail" classname="com.revature.models.UserModelTests" time="0.007"/>
</testsuite>